дек. 15, 2022 5:48:51 PM Homework_2.Task_2.Task_2 main
INFO: [4, 5, 9, 0, 4, 7, 3, 2, 6, 3]
дек. 15, 2022 5:48:51 PM Homework_2.Task_2.Task_2 main
INFO: [4, 5, 9, 0, 4, 7, 3, 2, 6, 3]
дек. 15, 2022 5:48:51 PM Homework_2.Task_2.Task_2 main
INFO: Присвоили tmp значение для дальнейшей сортировки
дек. 15, 2022 5:48:51 PM Homework_2.Task_2.Task_2 main
INFO: Поменяли местами значения, меньшее убрали влево, согласно пузырьковой сортировке
дек. 15, 2022 5:48:51 PM Homework_2.Task_2.Task_2 main
INFO: [0, 5, 9, 4, 4, 7, 3, 2, 6, 3]
дек. 15, 2022 5:48:51 PM Homework_2.Task_2.Task_2 main
INFO: [0, 5, 9, 4, 4, 7, 3, 2, 6, 3]
дек. 15, 2022 5:48:51 PM Homework_2.Task_2.Task_2 main
INFO: [0, 5, 9, 4, 4, 7, 3, 2, 6, 3]
дек. 15, 2022 5:48:51 PM Homework_2.Task_2.Task_2 main
INFO: [0, 5, 9, 4, 4, 7, 3, 2, 6, 3]
дек. 15, 2022 5:48:51 PM Homework_2.Task_2.Task_2 main
INFO: [0, 5, 9, 4, 4, 7, 3, 2, 6, 3]
дек. 15, 2022 5:48:51 PM Homework_2.Task_2.Task_2 main
INFO: [0, 5, 9, 4, 4, 7, 3, 2, 6, 3]
дек. 15, 2022 5:48:51 PM Homework_2.Task_2.Task_2 main
INFO: [0, 5, 9, 4, 4, 7, 3, 2, 6, 3]
дек. 15, 2022 5:48:51 PM Homework_2.Task_2.Task_2 main
INFO: [0, 5, 9, 4, 4, 7, 3, 2, 6, 3]
дек. 15, 2022 5:48:51 PM Homework_2.Task_2.Task_2 main
INFO: Присвоили tmp значение для дальнейшей сортировки
дек. 15, 2022 5:48:51 PM Homework_2.Task_2.Task_2 main
INFO: Поменяли местами значения, меньшее убрали влево, согласно пузырьковой сортировке
дек. 15, 2022 5:48:51 PM Homework_2.Task_2.Task_2 main
INFO: [0, 4, 9, 5, 4, 7, 3, 2, 6, 3]
дек. 15, 2022 5:48:51 PM Homework_2.Task_2.Task_2 main
INFO: [0, 4, 9, 5, 4, 7, 3, 2, 6, 3]
дек. 15, 2022 5:48:51 PM Homework_2.Task_2.Task_2 main
INFO: [0, 4, 9, 5, 4, 7, 3, 2, 6, 3]
дек. 15, 2022 5:48:51 PM Homework_2.Task_2.Task_2 main
INFO: Присвоили tmp значение для дальнейшей сортировки
дек. 15, 2022 5:48:51 PM Homework_2.Task_2.Task_2 main
INFO: Поменяли местами значения, меньшее убрали влево, согласно пузырьковой сортировке
дек. 15, 2022 5:48:51 PM Homework_2.Task_2.Task_2 main
INFO: [0, 3, 9, 5, 4, 7, 4, 2, 6, 3]
дек. 15, 2022 5:48:51 PM Homework_2.Task_2.Task_2 main
INFO: Присвоили tmp значение для дальнейшей сортировки
дек. 15, 2022 5:48:51 PM Homework_2.Task_2.Task_2 main
INFO: Поменяли местами значения, меньшее убрали влево, согласно пузырьковой сортировке
дек. 15, 2022 5:48:51 PM Homework_2.Task_2.Task_2 main
INFO: [0, 2, 9, 5, 4, 7, 4, 3, 6, 3]
дек. 15, 2022 5:48:51 PM Homework_2.Task_2.Task_2 main
INFO: [0, 2, 9, 5, 4, 7, 4, 3, 6, 3]
дек. 15, 2022 5:48:51 PM Homework_2.Task_2.Task_2 main
INFO: [0, 2, 9, 5, 4, 7, 4, 3, 6, 3]
дек. 15, 2022 5:48:51 PM Homework_2.Task_2.Task_2 main
INFO: Присвоили tmp значение для дальнейшей сортировки
дек. 15, 2022 5:48:51 PM Homework_2.Task_2.Task_2 main
INFO: Поменяли местами значения, меньшее убрали влево, согласно пузырьковой сортировке
дек. 15, 2022 5:48:51 PM Homework_2.Task_2.Task_2 main
INFO: [0, 2, 5, 9, 4, 7, 4, 3, 6, 3]
дек. 15, 2022 5:48:51 PM Homework_2.Task_2.Task_2 main
INFO: Присвоили tmp значение для дальнейшей сортировки
дек. 15, 2022 5:48:51 PM Homework_2.Task_2.Task_2 main
INFO: Поменяли местами значения, меньшее убрали влево, согласно пузырьковой сортировке
дек. 15, 2022 5:48:51 PM Homework_2.Task_2.Task_2 main
INFO: [0, 2, 4, 9, 5, 7, 4, 3, 6, 3]
дек. 15, 2022 5:48:51 PM Homework_2.Task_2.Task_2 main
INFO: [0, 2, 4, 9, 5, 7, 4, 3, 6, 3]
дек. 15, 2022 5:48:52 PM Homework_2.Task_2.Task_2 main
INFO: [0, 2, 4, 9, 5, 7, 4, 3, 6, 3]
дек. 15, 2022 5:48:52 PM Homework_2.Task_2.Task_2 main
INFO: Присвоили tmp значение для дальнейшей сортировки
дек. 15, 2022 5:48:52 PM Homework_2.Task_2.Task_2 main
INFO: Поменяли местами значения, меньшее убрали влево, согласно пузырьковой сортировке
дек. 15, 2022 5:48:52 PM Homework_2.Task_2.Task_2 main
INFO: [0, 2, 3, 9, 5, 7, 4, 4, 6, 3]
дек. 15, 2022 5:48:52 PM Homework_2.Task_2.Task_2 main
INFO: [0, 2, 3, 9, 5, 7, 4, 4, 6, 3]
дек. 15, 2022 5:48:52 PM Homework_2.Task_2.Task_2 main
INFO: [0, 2, 3, 9, 5, 7, 4, 4, 6, 3]
дек. 15, 2022 5:48:52 PM Homework_2.Task_2.Task_2 main
INFO: Присвоили tmp значение для дальнейшей сортировки
дек. 15, 2022 5:48:52 PM Homework_2.Task_2.Task_2 main
INFO: Поменяли местами значения, меньшее убрали влево, согласно пузырьковой сортировке
дек. 15, 2022 5:48:52 PM Homework_2.Task_2.Task_2 main
INFO: [0, 2, 3, 5, 9, 7, 4, 4, 6, 3]
дек. 15, 2022 5:48:52 PM Homework_2.Task_2.Task_2 main
INFO: [0, 2, 3, 5, 9, 7, 4, 4, 6, 3]
дек. 15, 2022 5:48:52 PM Homework_2.Task_2.Task_2 main
INFO: Присвоили tmp значение для дальнейшей сортировки
дек. 15, 2022 5:48:52 PM Homework_2.Task_2.Task_2 main
INFO: Поменяли местами значения, меньшее убрали влево, согласно пузырьковой сортировке
дек. 15, 2022 5:48:52 PM Homework_2.Task_2.Task_2 main
INFO: [0, 2, 3, 4, 9, 7, 5, 4, 6, 3]
дек. 15, 2022 5:48:52 PM Homework_2.Task_2.Task_2 main
INFO: [0, 2, 3, 4, 9, 7, 5, 4, 6, 3]
дек. 15, 2022 5:48:52 PM Homework_2.Task_2.Task_2 main
INFO: [0, 2, 3, 4, 9, 7, 5, 4, 6, 3]
дек. 15, 2022 5:48:52 PM Homework_2.Task_2.Task_2 main
INFO: Присвоили tmp значение для дальнейшей сортировки
дек. 15, 2022 5:48:52 PM Homework_2.Task_2.Task_2 main
INFO: Поменяли местами значения, меньшее убрали влево, согласно пузырьковой сортировке
дек. 15, 2022 5:48:52 PM Homework_2.Task_2.Task_2 main
INFO: [0, 2, 3, 3, 9, 7, 5, 4, 6, 4]
дек. 15, 2022 5:48:52 PM Homework_2.Task_2.Task_2 main
INFO: Присвоили tmp значение для дальнейшей сортировки
дек. 15, 2022 5:48:52 PM Homework_2.Task_2.Task_2 main
INFO: Поменяли местами значения, меньшее убрали влево, согласно пузырьковой сортировке
дек. 15, 2022 5:48:52 PM Homework_2.Task_2.Task_2 main
INFO: [0, 2, 3, 3, 7, 9, 5, 4, 6, 4]
дек. 15, 2022 5:48:52 PM Homework_2.Task_2.Task_2 main
INFO: Присвоили tmp значение для дальнейшей сортировки
дек. 15, 2022 5:48:52 PM Homework_2.Task_2.Task_2 main
INFO: Поменяли местами значения, меньшее убрали влево, согласно пузырьковой сортировке
дек. 15, 2022 5:48:52 PM Homework_2.Task_2.Task_2 main
INFO: [0, 2, 3, 3, 5, 9, 7, 4, 6, 4]
дек. 15, 2022 5:48:52 PM Homework_2.Task_2.Task_2 main
INFO: Присвоили tmp значение для дальнейшей сортировки
дек. 15, 2022 5:48:52 PM Homework_2.Task_2.Task_2 main
INFO: Поменяли местами значения, меньшее убрали влево, согласно пузырьковой сортировке
дек. 15, 2022 5:48:52 PM Homework_2.Task_2.Task_2 main
INFO: [0, 2, 3, 3, 4, 9, 7, 5, 6, 4]
дек. 15, 2022 5:48:52 PM Homework_2.Task_2.Task_2 main
INFO: [0, 2, 3, 3, 4, 9, 7, 5, 6, 4]
дек. 15, 2022 5:48:52 PM Homework_2.Task_2.Task_2 main
INFO: [0, 2, 3, 3, 4, 9, 7, 5, 6, 4]
дек. 15, 2022 5:48:52 PM Homework_2.Task_2.Task_2 main
INFO: Присвоили tmp значение для дальнейшей сортировки
дек. 15, 2022 5:48:52 PM Homework_2.Task_2.Task_2 main
INFO: Поменяли местами значения, меньшее убрали влево, согласно пузырьковой сортировке
дек. 15, 2022 5:48:52 PM Homework_2.Task_2.Task_2 main
INFO: [0, 2, 3, 3, 4, 7, 9, 5, 6, 4]
дек. 15, 2022 5:48:52 PM Homework_2.Task_2.Task_2 main
INFO: Присвоили tmp значение для дальнейшей сортировки
дек. 15, 2022 5:48:52 PM Homework_2.Task_2.Task_2 main
INFO: Поменяли местами значения, меньшее убрали влево, согласно пузырьковой сортировке
дек. 15, 2022 5:48:52 PM Homework_2.Task_2.Task_2 main
INFO: [0, 2, 3, 3, 4, 5, 9, 7, 6, 4]
дек. 15, 2022 5:48:52 PM Homework_2.Task_2.Task_2 main
INFO: [0, 2, 3, 3, 4, 5, 9, 7, 6, 4]
дек. 15, 2022 5:48:52 PM Homework_2.Task_2.Task_2 main
INFO: Присвоили tmp значение для дальнейшей сортировки
дек. 15, 2022 5:48:52 PM Homework_2.Task_2.Task_2 main
INFO: Поменяли местами значения, меньшее убрали влево, согласно пузырьковой сортировке
дек. 15, 2022 5:48:52 PM Homework_2.Task_2.Task_2 main
INFO: [0, 2, 3, 3, 4, 4, 9, 7, 6, 5]
дек. 15, 2022 5:48:52 PM Homework_2.Task_2.Task_2 main
INFO: Присвоили tmp значение для дальнейшей сортировки
дек. 15, 2022 5:48:52 PM Homework_2.Task_2.Task_2 main
INFO: Поменяли местами значения, меньшее убрали влево, согласно пузырьковой сортировке
дек. 15, 2022 5:48:52 PM Homework_2.Task_2.Task_2 main
INFO: [0, 2, 3, 3, 4, 4, 7, 9, 6, 5]
дек. 15, 2022 5:48:52 PM Homework_2.Task_2.Task_2 main
INFO: Присвоили tmp значение для дальнейшей сортировки
дек. 15, 2022 5:48:52 PM Homework_2.Task_2.Task_2 main
INFO: Поменяли местами значения, меньшее убрали влево, согласно пузырьковой сортировке
дек. 15, 2022 5:48:52 PM Homework_2.Task_2.Task_2 main
INFO: [0, 2, 3, 3, 4, 4, 6, 9, 7, 5]
дек. 15, 2022 5:48:52 PM Homework_2.Task_2.Task_2 main
INFO: Присвоили tmp значение для дальнейшей сортировки
дек. 15, 2022 5:48:52 PM Homework_2.Task_2.Task_2 main
INFO: Поменяли местами значения, меньшее убрали влево, согласно пузырьковой сортировке
дек. 15, 2022 5:48:52 PM Homework_2.Task_2.Task_2 main
INFO: [0, 2, 3, 3, 4, 4, 5, 9, 7, 6]
дек. 15, 2022 5:48:52 PM Homework_2.Task_2.Task_2 main
INFO: Присвоили tmp значение для дальнейшей сортировки
дек. 15, 2022 5:48:52 PM Homework_2.Task_2.Task_2 main
INFO: Поменяли местами значения, меньшее убрали влево, согласно пузырьковой сортировке
дек. 15, 2022 5:48:52 PM Homework_2.Task_2.Task_2 main
INFO: [0, 2, 3, 3, 4, 4, 5, 7, 9, 6]
дек. 15, 2022 5:48:52 PM Homework_2.Task_2.Task_2 main
INFO: Присвоили tmp значение для дальнейшей сортировки
дек. 15, 2022 5:48:52 PM Homework_2.Task_2.Task_2 main
INFO: Поменяли местами значения, меньшее убрали влево, согласно пузырьковой сортировке
дек. 15, 2022 5:48:52 PM Homework_2.Task_2.Task_2 main
INFO: [0, 2, 3, 3, 4, 4, 5, 6, 9, 7]
дек. 15, 2022 5:48:52 PM Homework_2.Task_2.Task_2 main
INFO: Присвоили tmp значение для дальнейшей сортировки
дек. 15, 2022 5:48:52 PM Homework_2.Task_2.Task_2 main
INFO: Поменяли местами значения, меньшее убрали влево, согласно пузырьковой сортировке
дек. 15, 2022 5:48:52 PM Homework_2.Task_2.Task_2 main
INFO: [0, 2, 3, 3, 4, 4, 5, 6, 7, 9]
дек. 15, 2022 5:48:52 PM Homework_2.Task_2.Task_2 main
INFO: Сортировка окончена, результат достигнут
дек. 15, 2022 5:48:52 PM Homework_2.Task_2.Task_2 main
INFO: [0, 2, 3, 3, 4, 4, 5, 6, 7, 9]
